0 info it worked if it ends with ok
1 verbose cli [ '/usr/local/bin/node', '/usr/local/bin/npm', 'start' ]
2 info using npm@3.8.9
3 info using node@v4.4.4
4 verbose config Skipping project config: /Users/patrickwhardy/.npmrc. (matches userconfig)
5 verbose stack Error: ENOENT: no such file or directory, open '/Users/patrickwhardy/package.json'
5 verbose stack     at Error (native)
6 verbose cwd /Users/patrickwhardy/Turing/4module/robhawkes-mozilla-festival-92336f2 2
7 error Darwin 14.5.0
8 error argv "/usr/local/bin/node" "/usr/local/bin/npm" "start"
9 error node v4.4.4
10 error npm  v3.8.9
11 error path /Users/patrickwhardy/package.json
12 error code ENOENT
13 error errno -2
14 error syscall open
15 error enoent ENOENT: no such file or directory, open '/Users/patrickwhardy/package.json'
16 error enoent ENOENT: no such file or directory, open '/Users/patrickwhardy/package.json'
16 error enoent This is most likely not a problem with npm itself
16 error enoent and is related to npm not being able to find a file.
17 verbose exit [ -2, true ]
